0 info it worked if it ends with ok
1 verbose cli [ 'node', '/Users/kylie/.node/bin/npm', 'info' ]
2 info using npm@2.14.3
3 info using node@v0.12.7
4 verbose node symlink /usr/local/bin/node
5 silly mapToRegistry name atozcss
6 silly mapToRegistry using default registry
7 silly mapToRegistry registry https://registry.npmjs.org/
8 silly mapToRegistry uri https://registry.npmjs.org/atozcss
9 verbose request uri https://registry.npmjs.org/atozcss
10 verbose request no auth needed
11 info attempt registry request try #1 at 18:02:44
12 verbose request id db4bbb755e5d7572
13 http request GET https://registry.npmjs.org/atozcss
14 http 404 https://registry.npmjs.org/atozcss
15 verbose headers { 'content-type': 'application/json',
15 verbose headers   'cache-control': 'max-age=0',
15 verbose headers   'content-length': '2',
15 verbose headers   'accept-ranges': 'bytes',
15 verbose headers   date: 'Thu, 17 Sep 2015 17:02:45 GMT',
15 verbose headers   via: '1.1 varnish',
15 verbose headers   age: '0',
15 verbose headers   connection: 'keep-alive',
15 verbose headers   'x-served-by': 'cache-lcy1125-LCY',
15 verbose headers   'x-cache': 'MISS',
15 verbose headers   'x-cache-hits': '0',
15 verbose headers   'x-timer': 'S1442509364.860719,VS0,VE161' }
16 silly get cb [ 404,
16 silly get   { 'content-type': 'application/json',
16 silly get     'cache-control': 'max-age=0',
16 silly get     'content-length': '2',
16 silly get     'accept-ranges': 'bytes',
16 silly get     date: 'Thu, 17 Sep 2015 17:02:45 GMT',
16 silly get     via: '1.1 varnish',
16 silly get     age: '0',
16 silly get     connection: 'keep-alive',
16 silly get     'x-served-by': 'cache-lcy1125-LCY',
16 silly get     'x-cache': 'MISS',
16 silly get     'x-cache-hits': '0',
16 silly get     'x-timer': 'S1442509364.860719,VS0,VE161' } ]
17 verbose stack Error: Registry returned 404 for GET on https://registry.npmjs.org/atozcss
17 verbose stack     at makeError (/Users/kylie/.node/lib/node_modules/npm/node_modules/npm-registry-client/lib/request.js:263:12)
17 verbose stack     at CachingRegistryClient.<anonymous> (/Users/kylie/.node/lib/node_modules/npm/node_modules/npm-registry-client/lib/request.js:241:14)
17 verbose stack     at Request._callback (/Users/kylie/.node/lib/node_modules/npm/node_modules/npm-registry-client/lib/request.js:171:14)
17 verbose stack     at Request.self.callback (/Users/kylie/.node/lib/node_modules/npm/node_modules/request/request.js:198:22)
17 verbose stack     at Request.emit (events.js:110:17)
17 verbose stack     at Request.<anonymous> (/Users/kylie/.node/lib/node_modules/npm/node_modules/request/request.js:1073:14)
17 verbose stack     at Request.emit (events.js:129:20)
17 verbose stack     at IncomingMessage.<anonymous> (/Users/kylie/.node/lib/node_modules/npm/node_modules/request/request.js:1019:12)
17 verbose stack     at IncomingMessage.emit (events.js:129:20)
17 verbose stack     at _stream_readable.js:908:16
18 verbose statusCode 404
19 verbose pkgid atozcss
20 verbose cwd /Users/kylie/Sites/atozcss/_drafts
21 error Darwin 14.4.0
22 error argv "node" "/Users/kylie/.node/bin/npm" "info"
23 error node v0.12.7
24 error npm  v2.14.3
25 error code E404
26 error 404 Registry returned 404 for GET on https://registry.npmjs.org/atozcss
26 error 404
26 error 404 'atozcss' is not in the npm registry.
26 error 404 You should bug the author to publish it (or use the name yourself!)
26 error 404
26 error 404 Note that you can also install from a
26 error 404 tarball, folder, http url, or git url.
27 verbose exit [ 1, true ]
